Determining if the pthread_create exist failed with the following output:
Change Dir: /home/shangyi/ws/sandbox/moveit_test_ws/build/atlas_moveit_config/CMakeFiles/CMakeTmp

Run Build Command:/usr/bin/make "cmTryCompileExec2363585438/fast"
/usr/bin/make -f CMakeFiles/cmTryCompileExec2363585438.dir/build.make CMakeFiles/cmTryCompileExec2363585438.dir/build
make[1]: Entering directory `/home/shangyi/ws/sandbox/moveit_test_ws/build/atlas_moveit_config/CMakeFiles/CMakeTmp'
/usr/bin/cmake -E cmake_progress_report /home/shangyi/ws/sandbox/moveit_test_ws/build/atlas_moveit_config/CMakeFiles/CMakeTmp/CMakeFiles 1
Building C object CMakeFiles/cmTryCompileExec2363585438.dir/CheckSymbolExists.c.o
/usr/bin/cc    -o CMakeFiles/cmTryCompileExec2363585438.dir/CheckSymbolExists.c.o   -c /home/shangyi/ws/sandbox/moveit_test_ws/build/atlas_moveit_config/CMakeFiles/CMakeTmp/CheckSymbolExists.c
Linking C executable cmTryCompileExec2363585438
/usr/bin/cmake -E cmake_link_script CMakeFiles/cmTryCompileExec2363585438.dir/link.txt --verbose=1
/usr/bin/cc       CMakeFiles/cmTryCompileExec2363585438.dir/CheckSymbolExists.c.o  -o cmTryCompileExec2363585438 -rdynamic 
CMakeFiles/cmTryCompileExec2363585438.dir/CheckSymbolExists.c.o: In function `main':
CheckSymbolExists.c:(.text+0x16): undefined reference to `pthread_create'
collect2: error: ld returned 1 exit status
make[1]: Leaving directory `/home/shangyi/ws/sandbox/moveit_test_ws/build/atlas_moveit_config/CMakeFiles/CMakeTmp'
make[1]: *** [cmTryCompileExec2363585438] Error 1
make: *** [cmTryCompileExec2363585438/fast] Error 2

File /home/shangyi/ws/sandbox/moveit_test_ws/build/atlas_moveit_config/CMakeFiles/CMakeTmp/CheckSymbolExists.c:
/* */
#include <pthread.h>

int main(int argc, char** argv)
{
  (void)argv;
#ifndef pthread_create
  return ((int*)(&pthread_create))[argc];
#else
  (void)argc;
  return 0;
#endif
}

Determining if the function pthread_create exists in the pthreads failed with the following output:
Change Dir: /home/shangyi/ws/sandbox/moveit_test_ws/build/atlas_moveit_config/CMakeFiles/CMakeTmp

Run Build Command:/usr/bin/make "cmTryCompileExec3536110437/fast"
/usr/bin/make -f CMakeFiles/cmTryCompileExec3536110437.dir/build.make CMakeFiles/cmTryCompileExec3536110437.dir/build
make[1]: Entering directory `/home/shangyi/ws/sandbox/moveit_test_ws/build/atlas_moveit_config/CMakeFiles/CMakeTmp'
/usr/bin/cmake -E cmake_progress_report /home/shangyi/ws/sandbox/moveit_test_ws/build/atlas_moveit_config/CMakeFiles/CMakeTmp/CMakeFiles 1
Building C object CMakeFiles/cmTryCompileExec3536110437.dir/CheckFunctionExists.c.o
/usr/bin/cc   -DCHECK_FUNCTION_EXISTS=pthread_create   -o CMakeFiles/cmTryCompileExec3536110437.dir/CheckFunctionExists.c.o   -c /usr/share/cmake-2.8/Modules/CheckFunctionExists.c
Linking C executable cmTryCompileExec3536110437
/usr/bin/cmake -E cmake_link_script CMakeFiles/cmTryCompileExec3536110437.dir/link.txt --verbose=1
/usr/bin/cc   -DCHECK_FUNCTION_EXISTS=pthread_create    CMakeFiles/cmTryCompileExec3536110437.dir/CheckFunctionExists.c.o  -o cmTryCompileExec3536110437 -rdynamic -lpthreads 
/usr/bin/ld: cannot find -lpthreads
collect2: error: ld returned 1 exit status
make[1]: Leaving directory `/home/shangyi/ws/sandbox/moveit_test_ws/build/atlas_moveit_config/CMakeFiles/CMakeTmp'
make[1]: *** [cmTryCompileExec3536110437] Error 1
make: *** [cmTryCompileExec3536110437/fast] Error 2


