Determining if the pthread_create exist failed with the following output:
Change Dir: /home/shangyi/ws/sandbox/moveit_test_ws/build/moveit_robots/CMakeFiles/CMakeTmp

Run Build Command:/usr/bin/make "cmTryCompileExec4081765151/fast"
/usr/bin/make -f CMakeFiles/cmTryCompileExec4081765151.dir/build.make CMakeFiles/cmTryCompileExec4081765151.dir/build
make[1]: Entering directory `/home/shangyi/ws/sandbox/moveit_test_ws/build/moveit_robots/CMakeFiles/CMakeTmp'
/usr/bin/cmake -E cmake_progress_report /home/shangyi/ws/sandbox/moveit_test_ws/build/moveit_robots/CMakeFiles/CMakeTmp/CMakeFiles 1
Building C object CMakeFiles/cmTryCompileExec4081765151.dir/CheckSymbolExists.c.o
/usr/bin/cc    -o CMakeFiles/cmTryCompileExec4081765151.dir/CheckSymbolExists.c.o   -c /home/shangyi/ws/sandbox/moveit_test_ws/build/moveit_robots/CMakeFiles/CMakeTmp/CheckSymbolExists.c
Linking C executable cmTryCompileExec4081765151
/usr/bin/cmake -E cmake_link_script CMakeFiles/cmTryCompileExec4081765151.dir/link.txt --verbose=1
/usr/bin/cc       CMakeFiles/cmTryCompileExec4081765151.dir/CheckSymbolExists.c.o  -o cmTryCompileExec4081765151 -rdynamic 
CMakeFiles/cmTryCompileExec4081765151.dir/CheckSymbolExists.c.o: In function `main':
CheckSymbolExists.c:(.text+0x16): undefined reference to `pthread_create'
collect2: error: ld returned 1 exit status
make[1]: Leaving directory `/home/shangyi/ws/sandbox/moveit_test_ws/build/moveit_robots/CMakeFiles/CMakeTmp'
make[1]: *** [cmTryCompileExec4081765151] Error 1
make: *** [cmTryCompileExec4081765151/fast] Error 2

File /home/shangyi/ws/sandbox/moveit_test_ws/build/moveit_robots/CMakeFiles/CMakeTmp/CheckSymbolExists.c:
/* */
#include <pthread.h>

int main(int argc, char** argv)
{
  (void)argv;
#ifndef pthread_create
  return ((int*)(&pthread_create))[argc];
#else
  (void)argc;
  return 0;
#endif
}

Determining if the function pthread_create exists in the pthreads failed with the following output:
Change Dir: /home/shangyi/ws/sandbox/moveit_test_ws/build/moveit_robots/CMakeFiles/CMakeTmp

Run Build Command:/usr/bin/make "cmTryCompileExec1494206109/fast"
/usr/bin/make -f CMakeFiles/cmTryCompileExec1494206109.dir/build.make CMakeFiles/cmTryCompileExec1494206109.dir/build
make[1]: Entering directory `/home/shangyi/ws/sandbox/moveit_test_ws/build/moveit_robots/CMakeFiles/CMakeTmp'
/usr/bin/cmake -E cmake_progress_report /home/shangyi/ws/sandbox/moveit_test_ws/build/moveit_robots/CMakeFiles/CMakeTmp/CMakeFiles 1
Building C object CMakeFiles/cmTryCompileExec1494206109.dir/CheckFunctionExists.c.o
/usr/bin/cc   -DCHECK_FUNCTION_EXISTS=pthread_create   -o CMakeFiles/cmTryCompileExec1494206109.dir/CheckFunctionExists.c.o   -c /usr/share/cmake-2.8/Modules/CheckFunctionExists.c
Linking C executable cmTryCompileExec1494206109
/usr/bin/cmake -E cmake_link_script CMakeFiles/cmTryCompileExec1494206109.dir/link.txt --verbose=1
/usr/bin/cc   -DCHECK_FUNCTION_EXISTS=pthread_create    CMakeFiles/cmTryCompileExec1494206109.dir/CheckFunctionExists.c.o  -o cmTryCompileExec1494206109 -rdynamic -lpthreads 
/usr/bin/ld: cannot find -lpthreads
collect2: error: ld returned 1 exit status
make[1]: Leaving directory `/home/shangyi/ws/sandbox/moveit_test_ws/build/moveit_robots/CMakeFiles/CMakeTmp'
make[1]: *** [cmTryCompileExec1494206109] Error 1
make: *** [cmTryCompileExec1494206109/fast] Error 2


