Determining if the pthread_create exist failed with the following output:
Change Dir: /home/shangyi/ws/sandbox/moveit_test_ws/build/baxter_ikfast_right_arm_plugin/CMakeFiles/CMakeTmp

Run Build Command:/usr/bin/make "cmTryCompileExec514263358/fast"
/usr/bin/make -f CMakeFiles/cmTryCompileExec514263358.dir/build.make CMakeFiles/cmTryCompileExec514263358.dir/build
make[1]: Entering directory `/home/shangyi/ws/sandbox/moveit_test_ws/build/baxter_ikfast_right_arm_plugin/CMakeFiles/CMakeTmp'
/usr/bin/cmake -E cmake_progress_report /home/shangyi/ws/sandbox/moveit_test_ws/build/baxter_ikfast_right_arm_plugin/CMakeFiles/CMakeTmp/CMakeFiles 1
Building C object CMakeFiles/cmTryCompileExec514263358.dir/CheckSymbolExists.c.o
/usr/bin/cc    -o CMakeFiles/cmTryCompileExec514263358.dir/CheckSymbolExists.c.o   -c /home/shangyi/ws/sandbox/moveit_test_ws/build/baxter_ikfast_right_arm_plugin/CMakeFiles/CMakeTmp/CheckSymbolExists.c
Linking C executable cmTryCompileExec514263358
/usr/bin/cmake -E cmake_link_script CMakeFiles/cmTryCompileExec514263358.dir/link.txt --verbose=1
/usr/bin/cc       CMakeFiles/cmTryCompileExec514263358.dir/CheckSymbolExists.c.o  -o cmTryCompileExec514263358 -rdynamic 
CMakeFiles/cmTryCompileExec514263358.dir/CheckSymbolExists.c.o: In function `main':
CheckSymbolExists.c:(.text+0x16): undefined reference to `pthread_create'
collect2: error: ld returned 1 exit status
make[1]: *** [cmTryCompileExec514263358] Error 1
make[1]: Leaving directory `/home/shangyi/ws/sandbox/moveit_test_ws/build/baxter_ikfast_right_arm_plugin/CMakeFiles/CMakeTmp'
make: *** [cmTryCompileExec514263358/fast] Error 2

File /home/shangyi/ws/sandbox/moveit_test_ws/build/baxter_ikfast_right_arm_plugin/CMakeFiles/CMakeTmp/CheckSymbolExists.c:
/* */
#include <pthread.h>

int main(int argc, char** argv)
{
  (void)argv;
#ifndef pthread_create
  return ((int*)(&pthread_create))[argc];
#else
  (void)argc;
  return 0;
#endif
}

Determining if the function pthread_create exists in the pthreads failed with the following output:
Change Dir: /home/shangyi/ws/sandbox/moveit_test_ws/build/baxter_ikfast_right_arm_plugin/CMakeFiles/CMakeTmp

Run Build Command:/usr/bin/make "cmTryCompileExec19527146/fast"
/usr/bin/make -f CMakeFiles/cmTryCompileExec19527146.dir/build.make CMakeFiles/cmTryCompileExec19527146.dir/build
make[1]: Entering directory `/home/shangyi/ws/sandbox/moveit_test_ws/build/baxter_ikfast_right_arm_plugin/CMakeFiles/CMakeTmp'
/usr/bin/cmake -E cmake_progress_report /home/shangyi/ws/sandbox/moveit_test_ws/build/baxter_ikfast_right_arm_plugin/CMakeFiles/CMakeTmp/CMakeFiles 1
Building C object CMakeFiles/cmTryCompileExec19527146.dir/CheckFunctionExists.c.o
/usr/bin/cc   -DCHECK_FUNCTION_EXISTS=pthread_create   -o CMakeFiles/cmTryCompileExec19527146.dir/CheckFunctionExists.c.o   -c /usr/share/cmake-2.8/Modules/CheckFunctionExists.c
Linking C executable cmTryCompileExec19527146
/usr/bin/cmake -E cmake_link_script CMakeFiles/cmTryCompileExec19527146.dir/link.txt --verbose=1
/usr/bin/cc   -DCHECK_FUNCTION_EXISTS=pthread_create    CMakeFiles/cmTryCompileExec19527146.dir/CheckFunctionExists.c.o  -o cmTryCompileExec19527146 -rdynamic -lpthreads 
/usr/bin/ld: cannot find -lpthreads
collect2: error: ld returned 1 exit status
make[1]: *** [cmTryCompileExec19527146] Error 1
make[1]: Leaving directory `/home/shangyi/ws/sandbox/moveit_test_ws/build/baxter_ikfast_right_arm_plugin/CMakeFiles/CMakeTmp'
make: *** [cmTryCompileExec19527146/fast] Error 2


